<?xml version="1.0" encoding="UTF-8"?>
<!-- Generated by org.testng.reporters.JUnitReportReporter -->
<testsuite hostname="Ratna4619" failures="0" tests="1" name="exercise.Sample" time="165.647" errors="0" timestamp="2020-10-02T15:28:43 IST" skipped="0">
  <testcase classname="exercise.Sample" name="Example" time="165.647"/>
  <system-out/>
</testsuite> <!-- exercise.Sample -->
